<?xml version="1.0" encoding="UTF-8"?>
<coverage generated="1770960498863" clover="3.2.0">
  <project timestamp="1770960498863" name="All files">
    <metrics statements="104" coveredstatements="104" conditionals="72" coveredconditionals="69" methods="9" coveredmethods="9" elements="185" coveredelements="182" complexity="0" loc="104" ncloc="104" packages="3" files="3" classes="3"/>
    <package name="backend">
      <metrics statements="32" coveredstatements="32" conditionals="20" coveredconditionals="20" methods="5" coveredmethods="5"/>
      <file name="inviteToken.js" path="/Users/dhaddad/Documents/CS422/software-methods-w26/backend/inviteToken.js">
        <metrics statements="32" coveredstatements="32" conditionals="20" coveredconditionals="20" methods="5" coveredmethods="5"/>
        <line num="18" count="1" type="stmt"/>
        <line num="24" count="18" type="stmt"/>
        <line num="33" count="5" type="stmt"/>
        <line num="34" count="9" type="stmt"/>
        <line num="35" count="5" type="stmt"/>
        <line num="40" count="13" type="stmt"/>
        <line num="49" count="6" type="stmt"/>
        <line num="50" count="6" type="cond" truecount="2" falsecount="0"/>
        <line num="52" count="5" type="stmt"/>
        <line num="54" count="5" type="stmt"/>
        <line num="56" count="5" type="stmt"/>
        <line num="57" count="5" type="stmt"/>
        <line num="62" count="11" type="stmt"/>
        <line num="64" count="11" type="cond" truecount="2" falsecount="0"/>
        <line num="65" count="10" type="cond" truecount="4" falsecount="0"/>
        <line num="66" count="9" type="stmt"/>
        <line num="67" count="9" type="cond" truecount="2" falsecount="0"/>
        <line num="69" count="8" type="stmt"/>
        <line num="71" count="8" type="stmt"/>
        <line num="72" count="8" type="stmt"/>
        <line num="73" count="8" type="stmt"/>
        <line num="74" count="8" type="cond" truecount="4" falsecount="0"/>
        <line num="75" count="3" type="stmt"/>
        <line num="79" count="5" type="stmt"/>
        <line num="80" count="5" type="stmt"/>
        <line num="82" count="1" type="stmt"/>
        <line num="85" count="4" type="cond" truecount="2" falsecount="0"/>
        <line num="86" count="3" type="cond" truecount="2" falsecount="0"/>
        <line num="88" count="2" type="cond" truecount="2" falsecount="0"/>
        <line num="89" count="1" type="stmt"/>
        <line num="92" count="1" type="stmt"/>
        <line num="96" count="1" type="stmt"/>
      </file>
    </package>
    <package name="backend.algorithm">
      <metrics statements="70" coveredstatements="70" conditionals="52" coveredconditionals="49" methods="4" coveredmethods="4"/>
      <file name="algorithm.js" path="/Users/dhaddad/Documents/CS422/software-methods-w26/backend/algorithm/algorithm.js">
        <metrics statements="70" coveredstatements="70" conditionals="52" coveredconditionals="49" methods="4" coveredmethods="4"/>
        <line num="22" count="23" type="cond" truecount="2" falsecount="0"/>
        <line num="27" count="3" type="stmt"/>
        <line num="30" count="3" type="stmt"/>
        <line num="31" count="3" type="stmt"/>
        <line num="33" count="3" type="stmt"/>
        <line num="34" count="3" type="stmt"/>
        <line num="36" count="3" type="cond" truecount="2" falsecount="0"/>
        <line num="37" count="1" type="stmt"/>
        <line num="39" count="2" type="stmt"/>
        <line num="40" count="2" type="stmt"/>
        <line num="43" count="3" type="stmt"/>
        <line num="44" count="3" type="stmt"/>
        <line num="55" count="22" type="cond" truecount="2" falsecount="0"/>
        <line num="80" count="30" type="cond" truecount="4" falsecount="0"/>
        <line num="81" count="2" type="stmt"/>
        <line num="83" count="28" type="cond" truecount="2" falsecount="0"/>
        <line num="84" count="1" type="stmt"/>
        <line num="86" count="27" type="cond" truecount="2" falsecount="0"/>
        <line num="87" count="1" type="stmt"/>
        <line num="90" count="26" type="stmt"/>
        <line num="91" count="26" type="cond" truecount="4" falsecount="0"/>
        <line num="92" count="4" type="stmt"/>
        <line num="95" count="22" type="stmt"/>
        <line num="101" count="22" type="cond" truecount="1" falsecount="1"/>
        <line num="102" count="22" type="stmt"/>
        <line num="106" count="22" type="stmt"/>
        <line num="108" count="22" type="stmt"/>
        <line num="109" count="23" type="stmt"/>
        <line num="110" count="23" type="cond" truecount="2" falsecount="0"/>
        <line num="113" count="23" type="stmt"/>
        <line num="115" count="23" type="stmt"/>
        <line num="116" count="25" type="cond" truecount="2" falsecount="0"/>
        <line num="117" count="23" type="stmt"/>
        <line num="118" count="23" type="stmt"/>
        <line num="119" count="23" type="cond" truecount="4" falsecount="0"/>
        <line num="120" count="19" type="cond" truecount="2" falsecount="0"/>
        <line num="123" count="18" type="stmt"/>
        <line num="124" count="18" type="stmt"/>
        <line num="125" count="18" type="cond" truecount="2" falsecount="0"/>
        <line num="127" count="16" type="cond" truecount="1" falsecount="1"/>
        <line num="128" count="16" type="stmt"/>
        <line num="129" count="16" type="cond" truecount="1" falsecount="1"/>
        <line num="131" count="16" type="stmt"/>
        <line num="134" count="23" type="stmt"/>
        <line num="135" count="23" type="cond" truecount="2" falsecount="0"/>
        <line num="136" count="13" type="stmt"/>
        <line num="142" count="22" type="stmt"/>
        <line num="143" count="23" type="stmt"/>
        <line num="146" count="22" type="stmt"/>
        <line num="147" count="22" type="stmt"/>
        <line num="151" count="22" type="stmt"/>
        <line num="152" count="42" type="stmt"/>
        <line num="155" count="42" type="stmt"/>
        <line num="157" count="42" type="stmt"/>
        <line num="159" count="42" type="stmt"/>
        <line num="160" count="41" type="stmt"/>
        <line num="161" count="41" type="cond" truecount="2" falsecount="0"/>
        <line num="162" count="41" type="cond" truecount="2" falsecount="0"/>
        <line num="165" count="41" type="cond" truecount="2" falsecount="0"/>
        <line num="167" count="41" type="stmt"/>
        <line num="169" count="41" type="stmt"/>
        <line num="170" count="41" type="cond" truecount="2" falsecount="0"/>
        <line num="171" count="22" type="stmt"/>
        <line num="172" count="22" type="stmt"/>
        <line num="175" count="41" type="cond" truecount="2" falsecount="0"/>
        <line num="176" count="21" type="stmt"/>
        <line num="179" count="42" type="stmt"/>
        <line num="180" count="42" type="stmt"/>
        <line num="182" count="42" type="stmt"/>
        <line num="194" count="22" type="stmt"/>
      </file>
    </package>
    <package name="backend.algorithm.types">
      <metrics statements="2" coveredstatements="2" conditionals="0" coveredconditionals="0" methods="0" coveredmethods="0"/>
      <file name="algorithm_types.js" path="/Users/dhaddad/Documents/CS422/software-methods-w26/backend/algorithm/types/algorithm_types.js">
        <metrics statements="2" coveredstatements="2" conditionals="0" coveredconditionals="0" methods="0" coveredmethods="0"/>
        <line num="2" count="1" type="stmt"/>
        <line num="8" count="1" type="stmt"/>
      </file>
    </package>
  </project>
</coverage>
