{"/Users/dhaddad/Documents/CS422/software-methods-w26/backend/inviteToken.js": {"path":"/Users/dhaddad/Documents/CS422/software-methods-w26/backend/inviteToken.js","statementMap":{"0":{"start":{"line":18,"column":15},"end":{"line":18,"column":32}},"1":{"start":{"line":24,"column":2},"end":{"line":28,"column":25}},"2":{"start":{"line":33,"column":2},"end":{"line":33,"column":50}},"3":{"start":{"line":34,"column":2},"end":{"line":34,"column":36}},"4":{"start":{"line":34,"column":25},"end":{"line":34,"column":36}},"5":{"start":{"line":35,"column":2},"end":{"line":35,"column":36}},"6":{"start":{"line":40,"column":2},"end":{"line":40,"column":82}},"7":{"start":{"line":49,"column":17},"end":{"line":49,"column":47}},"8":{"start":{"line":50,"column":2},"end":{"line":50,"column":65}},"9":{"start":{"line":50,"column":15},"end":{"line":50,"column":65}},"10":{"start":{"line":52,"column":18},"end":{"line":52,"column":58}},"11":{"start":{"line":54,"column":22},"end":{"line":54,"column":53}},"12":{"start":{"line":56,"column":18},"end":{"line":56,"column":43}},"13":{"start":{"line":57,"column":2},"end":{"line":57,"column":37}},"14":{"start":{"line":62,"column":17},"end":{"line":62,"column":47}},"15":{"start":{"line":64,"column":2},"end":{"line":64,"column":65}},"16":{"start":{"line":64,"column":15},"end":{"line":64,"column":65}},"17":{"start":{"line":65,"column":2},"end":{"line":65,"column":88}},"18":{"start":{"line":65,"column":43},"end":{"line":65,"column":88}},"19":{"start":{"line":66,"column":16},"end":{"line":66,"column":32}},"20":{"start":{"line":67,"column":2},"end":{"line":67,"column":71}},"21":{"start":{"line":67,"column":26},"end":{"line":67,"column":71}},"22":{"start":{"line":69,"column":33},"end":{"line":69,"column":38}},"23":{"start":{"line":71,"column":22},"end":{"line":71,"column":47}},"24":{"start":{"line":72,"column":12},"end":{"line":72,"column":32}},"25":{"start":{"line":73,"column":12},"end":{"line":73,"column":36}},"26":{"start":{"line":74,"column":2},"end":{"line":76,"column":3}},"27":{"start":{"line":75,"column":4},"end":{"line":75,"column":53}},"28":{"start":{"line":79,"column":2},"end":{"line":83,"column":3}},"29":{"start":{"line":80,"column":4},"end":{"line":80,"column":69}},"30":{"start":{"line":82,"column":4},"end":{"line":82,"column":49}},"31":{"start":{"line":85,"column":2},"end":{"line":85,"column":70}},"32":{"start":{"line":85,"column":23},"end":{"line":85,"column":70}},"33":{"start":{"line":86,"column":2},"end":{"line":86,"column":82}},"34":{"start":{"line":86,"column":39},"end":{"line":86,"column":82}},"35":{"start":{"line":88,"column":2},"end":{"line":90,"column":3}},"36":{"start":{"line":89,"column":4},"end":{"line":89,"column":95}},"37":{"start":{"line":92,"column":2},"end":{"line":92,"column":73}},"38":{"start":{"line":96,"column":0},"end":{"line":96,"column":58}}},"fnMap":{"0":{"name":"b64url","decl":{"start":{"line":23,"column":9},"end":{"line":23,"column":15}},"loc":{"start":{"line":23,"column":21},"end":{"line":29,"column":1}},"line":23},"1":{"name":"b64urlDecode","decl":{"start":{"line":32,"column":9},"end":{"line":32,"column":21}},"loc":{"start":{"line":32,"column":27},"end":{"line":36,"column":1}},"line":32},"2":{"name":"sign","decl":{"start":{"line":39,"column":9},"end":{"line":39,"column":13}},"loc":{"start":{"line":39,"column":35},"end":{"line":41,"column":1}},"line":39},"3":{"name":"createInviteToken","decl":{"start":{"line":48,"column":9},"end":{"line":48,"column":26}},"loc":{"start":{"line":48,"column":53},"end":{"line":58,"column":1}},"line":48},"4":{"name":"verifyInviteToken","decl":{"start":{"line":60,"column":9},"end":{"line":60,"column":26}},"loc":{"start":{"line":60,"column":34},"end":{"line":93,"column":1}},"line":60}},"branchMap":{"0":{"loc":{"start":{"line":50,"column":2},"end":{"line":50,"column":65}},"type":"if","locations":[{"start":{"line":50,"column":2},"end":{"line":50,"column":65}},{"start":{},"end":{}}],"line":50},"1":{"loc":{"start":{"line":64,"column":2},"end":{"line":64,"column":65}},"type":"if","locations":[{"start":{"line":64,"column":2},"end":{"line":64,"column":65}},{"start":{},"end":{}}],"line":64},"2":{"loc":{"start":{"line":65,"column":2},"end":{"line":65,"column":88}},"type":"if","locations":[{"start":{"line":65,"column":2},"end":{"line":65,"column":88}},{"start":{},"end":{}}],"line":65},"3":{"loc":{"start":{"line":65,"column":6},"end":{"line":65,"column":41}},"type":"binary-expr","locations":[{"start":{"line":65,"column":6},"end":{"line":65,"column":12}},{"start":{"line":65,"column":16},"end":{"line":65,"column":41}}],"line":65},"4":{"loc":{"start":{"line":67,"column":2},"end":{"line":67,"column":71}},"type":"if","locations":[{"start":{"line":67,"column":2},"end":{"line":67,"column":71}},{"start":{},"end":{}}],"line":67},"5":{"loc":{"start":{"line":74,"column":2},"end":{"line":76,"column":3}},"type":"if","locations":[{"start":{"line":74,"column":2},"end":{"line":76,"column":3}},{"start":{},"end":{}}],"line":74},"6":{"loc":{"start":{"line":74,"column":6},"end":{"line":74,"column":60}},"type":"binary-expr","locations":[{"start":{"line":74,"column":6},"end":{"line":74,"column":27}},{"start":{"line":74,"column":31},"end":{"line":74,"column":60}}],"line":74},"7":{"loc":{"start":{"line":85,"column":2},"end":{"line":85,"column":70}},"type":"if","locations":[{"start":{"line":85,"column":2},"end":{"line":85,"column":70}},{"start":{},"end":{}}],"line":85},"8":{"loc":{"start":{"line":86,"column":2},"end":{"line":86,"column":82}},"type":"if","locations":[{"start":{"line":86,"column":2},"end":{"line":86,"column":82}},{"start":{},"end":{}}],"line":86},"9":{"loc":{"start":{"line":88,"column":2},"end":{"line":90,"column":3}},"type":"if","locations":[{"start":{"line":88,"column":2},"end":{"line":90,"column":3}},{"start":{},"end":{}}],"line":88}},"s":{"0":1,"1":18,"2":5,"3":5,"4":9,"5":5,"6":13,"7":6,"8":6,"9":1,"10":5,"11":5,"12":5,"13":5,"14":11,"15":11,"16":1,"17":10,"18":1,"19":9,"20":9,"21":1,"22":8,"23":8,"24":8,"25":8,"26":8,"27":3,"28":5,"29":5,"30":1,"31":4,"32":1,"33":3,"34":1,"35":2,"36":1,"37":1,"38":1},"f":{"0":18,"1":5,"2":13,"3":6,"4":11},"b":{"0":[1,5],"1":[1,10],"2":[1,9],"3":[10,10],"4":[1,8],"5":[3,5],"6":[8,7],"7":[1,3],"8":[1,2],"9":[1,1]},"_coverageSchema":"1a1c01bbd47fc00a2c39e90264f33305004495a9","hash":"6fca965c3e04e5c8714eeeae1e758512f9010eee"}
,"/Users/dhaddad/Documents/CS422/software-methods-w26/backend/algorithm/algorithm.js": {"path":"/Users/dhaddad/Documents/CS422/software-methods-w26/backend/algorithm/algorithm.js","statementMap":{"0":{"start":{"line":22,"column":2},"end":{"line":22,"column":54}},"1":{"start":{"line":22,"column":29},"end":{"line":22,"column":54}},"2":{"start":{"line":27,"column":17},"end":{"line":27,"column":72}},"3":{"start":{"line":27,"column":50},"end":{"line":27,"column":71}},"4":{"start":{"line":30,"column":17},"end":{"line":30,"column":19}},"5":{"start":{"line":31,"column":12},"end":{"line":31,"column":66}},"6":{"start":{"line":33,"column":2},"end":{"line":42,"column":3}},"7":{"start":{"line":33,"column":15},"end":{"line":33,"column":16}},"8":{"start":{"line":34,"column":17},"end":{"line":34,"column":26}},"9":{"start":{"line":36,"column":4},"end":{"line":41,"column":5}},"10":{"start":{"line":37,"column":6},"end":{"line":37,"column":50}},"11":{"start":{"line":39,"column":6},"end":{"line":39,"column":23}},"12":{"start":{"line":40,"column":6},"end":{"line":40,"column":57}},"13":{"start":{"line":43,"column":2},"end":{"line":43,"column":19}},"14":{"start":{"line":44,"column":2},"end":{"line":44,"column":16}},"15":{"start":{"line":55,"column":2},"end":{"line":55,"column":40}},"16":{"start":{"line":80,"column":2},"end":{"line":82,"column":3}},"17":{"start":{"line":81,"column":4},"end":{"line":81,"column":77}},"18":{"start":{"line":83,"column":2},"end":{"line":85,"column":3}},"19":{"start":{"line":84,"column":4},"end":{"line":84,"column":60}},"20":{"start":{"line":86,"column":2},"end":{"line":88,"column":3}},"21":{"start":{"line":87,"column":4},"end":{"line":87,"column":54}},"22":{"start":{"line":90,"column":18},"end":{"line":90,"column":48}},"23":{"start":{"line":91,"column":2},"end":{"line":93,"column":3}},"24":{"start":{"line":92,"column":4},"end":{"line":92,"column":69}},"25":{"start":{"line":95,"column":24},"end":{"line":99,"column":3}},"26":{"start":{"line":101,"column":22},"end":{"line":101,"column":75}},"27":{"start":{"line":102,"column":27},"end":{"line":102,"column":53}},"28":{"start":{"line":106,"column":27},"end":{"line":106,"column":36}},"29":{"start":{"line":108,"column":2},"end":{"line":138,"column":3}},"30":{"start":{"line":109,"column":19},"end":{"line":109,"column":27}},"31":{"start":{"line":110,"column":22},"end":{"line":110,"column":61}},"32":{"start":{"line":113,"column":20},"end":{"line":113,"column":22}},"33":{"start":{"line":115,"column":4},"end":{"line":132,"column":5}},"34":{"start":{"line":116,"column":6},"end":{"line":116,"column":24}},"35":{"start":{"line":116,"column":15},"end":{"line":116,"column":24}},"36":{"start":{"line":117,"column":16},"end":{"line":117,"column":26}},"37":{"start":{"line":118,"column":16},"end":{"line":118,"column":24}},"38":{"start":{"line":119,"column":6},"end":{"line":119,"column":63}},"39":{"start":{"line":119,"column":54},"end":{"line":119,"column":63}},"40":{"start":{"line":120,"column":6},"end":{"line":120,"column":27}},"41":{"start":{"line":120,"column":18},"end":{"line":120,"column":27}},"42":{"start":{"line":123,"column":22},"end":{"line":123,"column":48}},"43":{"start":{"line":124,"column":20},"end":{"line":124,"column":44}},"44":{"start":{"line":125,"column":6},"end":{"line":125,"column":37}},"45":{"start":{"line":125,"column":28},"end":{"line":125,"column":37}},"46":{"start":{"line":127,"column":23},"end":{"line":127,"column":92}},"47":{"start":{"line":128,"column":25},"end":{"line":128,"column":48}},"48":{"start":{"line":129,"column":6},"end":{"line":129,"column":50}},"49":{"start":{"line":129,"column":41},"end":{"line":129,"column":50}},"50":{"start":{"line":131,"column":6},"end":{"line":131,"column":39}},"51":{"start":{"line":134,"column":19},"end":{"line":134,"column":42}},"52":{"start":{"line":135,"column":4},"end":{"line":137,"column":5}},"53":{"start":{"line":136,"column":6},"end":{"line":136,"column":43}},"54":{"start":{"line":142,"column":20},"end":{"line":142,"column":29}},"55":{"start":{"line":143,"column":2},"end":{"line":143,"column":59}},"56":{"start":{"line":143,"column":32},"end":{"line":143,"column":59}},"57":{"start":{"line":146,"column":14},"end":{"line":146,"column":16}},"58":{"start":{"line":147,"column":21},"end":{"line":147,"column":40}},"59":{"start":{"line":151,"column":2},"end":{"line":192,"column":3}},"60":{"start":{"line":151,"column":24},"end":{"line":151,"column":37}},"61":{"start":{"line":152,"column":21},"end":{"line":152,"column":64}},"62":{"start":{"line":155,"column":24},"end":{"line":155,"column":26}},"63":{"start":{"line":157,"column":24},"end":{"line":157,"column":26}},"64":{"start":{"line":159,"column":4},"end":{"line":177,"column":5}},"65":{"start":{"line":160,"column":21},"end":{"line":160,"column":29}},"66":{"start":{"line":161,"column":21},"end":{"line":161,"column":55}},"67":{"start":{"line":162,"column":16},"end":{"line":162,"column":42}},"68":{"start":{"line":165,"column":6},"end":{"line":165,"column":75}},"69":{"start":{"line":165,"column":69},"end":{"line":165,"column":75}},"70":{"start":{"line":167,"column":6},"end":{"line":167,"column":33}},"71":{"start":{"line":169,"column":19},"end":{"line":169,"column":24}},"72":{"start":{"line":170,"column":6},"end":{"line":173,"column":7}},"73":{"start":{"line":171,"column":25},"end":{"line":171,"column":36}},"74":{"start":{"line":172,"column":8},"end":{"line":172,"column":82}},"75":{"start":{"line":175,"column":6},"end":{"line":176,"column":36}},"76":{"start":{"line":175,"column":18},"end":{"line":175,"column":43}},"77":{"start":{"line":176,"column":11},"end":{"line":176,"column":36}},"78":{"start":{"line":179,"column":27},"end":{"line":179,"column":45}},"79":{"start":{"line":180,"column":22},"end":{"line":180,"column":40}},"80":{"start":{"line":182,"column":4},"end":{"line":191,"column":7}},"81":{"start":{"line":194,"column":2},"end":{"line":194,"column":13}}},"fnMap":{"0":{"name":"mergeIntervals","decl":{"start":{"line":20,"column":9},"end":{"line":20,"column":23}},"loc":{"start":{"line":20,"column":35},"end":{"line":45,"column":1}},"line":20},"1":{"name":"(anonymous_1)","decl":{"start":{"line":27,"column":40},"end":{"line":27,"column":41}},"loc":{"start":{"line":27,"column":50},"end":{"line":27,"column":71}},"line":27},"2":{"name":"overlaps","decl":{"start":{"line":54,"column":9},"end":{"line":54,"column":17}},"loc":{"start":{"line":54,"column":46},"end":{"line":56,"column":1}},"line":54},"3":{"name":"computeAvailabilityBlocks","decl":{"start":{"line":73,"column":16},"end":{"line":73,"column":41}},"loc":{"start":{"line":79,"column":3},"end":{"line":195,"column":1}},"line":79}},"branchMap":{"0":{"loc":{"start":{"line":22,"column":2},"end":{"line":22,"column":54}},"type":"if","locations":[{"start":{"line":22,"column":2},"end":{"line":22,"column":54}},{"start":{},"end":{}}],"line":22},"1":{"loc":{"start":{"line":36,"column":4},"end":{"line":41,"column":5}},"type":"if","locations":[{"start":{"line":36,"column":4},"end":{"line":41,"column":5}},{"start":{"line":38,"column":11},"end":{"line":41,"column":5}}],"line":36},"2":{"loc":{"start":{"line":55,"column":9},"end":{"line":55,"column":39}},"type":"binary-expr","locations":[{"start":{"line":55,"column":9},"end":{"line":55,"column":22}},{"start":{"line":55,"column":26},"end":{"line":55,"column":39}}],"line":55},"3":{"loc":{"start":{"line":77,"column":2},"end":{"line":77,"column":40}},"type":"default-arg","locations":[{"start":{"line":77,"column":23},"end":{"line":77,"column":40}}],"line":77},"4":{"loc":{"start":{"line":78,"column":2},"end":{"line":78,"column":29}},"type":"default-arg","locations":[{"start":{"line":78,"column":13},"end":{"line":78,"column":29}}],"line":78},"5":{"loc":{"start":{"line":80,"column":2},"end":{"line":82,"column":3}},"type":"if","locations":[{"start":{"line":80,"column":2},"end":{"line":82,"column":3}},{"start":{},"end":{}}],"line":80},"6":{"loc":{"start":{"line":80,"column":6},"end":{"line":80,"column":70}},"type":"binary-expr","locations":[{"start":{"line":80,"column":6},"end":{"line":80,"column":37}},{"start":{"line":80,"column":41},"end":{"line":80,"column":70}}],"line":80},"7":{"loc":{"start":{"line":83,"column":2},"end":{"line":85,"column":3}},"type":"if","locations":[{"start":{"line":83,"column":2},"end":{"line":85,"column":3}},{"start":{},"end":{}}],"line":83},"8":{"loc":{"start":{"line":86,"column":2},"end":{"line":88,"column":3}},"type":"if","locations":[{"start":{"line":86,"column":2},"end":{"line":88,"column":3}},{"start":{},"end":{}}],"line":86},"9":{"loc":{"start":{"line":91,"column":2},"end":{"line":93,"column":3}},"type":"if","locations":[{"start":{"line":91,"column":2},"end":{"line":93,"column":3}},{"start":{},"end":{}}],"line":91},"10":{"loc":{"start":{"line":91,"column":6},"end":{"line":91,"column":47}},"type":"binary-expr","locations":[{"start":{"line":91,"column":6},"end":{"line":91,"column":31}},{"start":{"line":91,"column":35},"end":{"line":91,"column":47}}],"line":91},"11":{"loc":{"start":{"line":101,"column":22},"end":{"line":101,"column":75}},"type":"cond-expr","locations":[{"start":{"line":101,"column":48},"end":{"line":101,"column":56}},{"start":{"line":101,"column":59},"end":{"line":101,"column":75}}],"line":101},"12":{"loc":{"start":{"line":110,"column":22},"end":{"line":110,"column":61}},"type":"cond-expr","locations":[{"start":{"line":110,"column":48},"end":{"line":110,"column":56}},{"start":{"line":110,"column":59},"end":{"line":110,"column":61}}],"line":110},"13":{"loc":{"start":{"line":116,"column":6},"end":{"line":116,"column":24}},"type":"if","locations":[{"start":{"line":116,"column":6},"end":{"line":116,"column":24}},{"start":{},"end":{}}],"line":116},"14":{"loc":{"start":{"line":119,"column":6},"end":{"line":119,"column":63}},"type":"if","locations":[{"start":{"line":119,"column":6},"end":{"line":119,"column":63}},{"start":{},"end":{}}],"line":119},"15":{"loc":{"start":{"line":119,"column":10},"end":{"line":119,"column":52}},"type":"binary-expr","locations":[{"start":{"line":119,"column":10},"end":{"line":119,"column":29}},{"start":{"line":119,"column":33},"end":{"line":119,"column":52}}],"line":119},"16":{"loc":{"start":{"line":120,"column":6},"end":{"line":120,"column":27}},"type":"if","locations":[{"start":{"line":120,"column":6},"end":{"line":120,"column":27}},{"start":{},"end":{}}],"line":120},"17":{"loc":{"start":{"line":125,"column":6},"end":{"line":125,"column":37}},"type":"if","locations":[{"start":{"line":125,"column":6},"end":{"line":125,"column":37}},{"start":{},"end":{}}],"line":125},"18":{"loc":{"start":{"line":127,"column":23},"end":{"line":127,"column":92}},"type":"cond-expr","locations":[{"start":{"line":127,"column":57},"end":{"line":127,"column":73}},{"start":{"line":127,"column":76},"end":{"line":127,"column":92}}],"line":127},"19":{"loc":{"start":{"line":129,"column":6},"end":{"line":129,"column":50}},"type":"if","locations":[{"start":{"line":129,"column":6},"end":{"line":129,"column":50}},{"start":{},"end":{}}],"line":129},"20":{"loc":{"start":{"line":135,"column":4},"end":{"line":137,"column":5}},"type":"if","locations":[{"start":{"line":135,"column":4},"end":{"line":137,"column":5}},{"start":{},"end":{}}],"line":135},"21":{"loc":{"start":{"line":161,"column":21},"end":{"line":161,"column":55}},"type":"binary-expr","locations":[{"start":{"line":161,"column":21},"end":{"line":161,"column":49}},{"start":{"line":161,"column":53},"end":{"line":161,"column":55}}],"line":161},"22":{"loc":{"start":{"line":162,"column":16},"end":{"line":162,"column":42}},"type":"binary-expr","locations":[{"start":{"line":162,"column":16},"end":{"line":162,"column":37}},{"start":{"line":162,"column":41},"end":{"line":162,"column":42}}],"line":162},"23":{"loc":{"start":{"line":165,"column":13},"end":{"line":165,"column":67}},"type":"binary-expr","locations":[{"start":{"line":165,"column":13},"end":{"line":165,"column":32}},{"start":{"line":165,"column":36},"end":{"line":165,"column":67}}],"line":165},"24":{"loc":{"start":{"line":170,"column":6},"end":{"line":173,"column":7}},"type":"if","locations":[{"start":{"line":170,"column":6},"end":{"line":173,"column":7}},{"start":{},"end":{}}],"line":170},"25":{"loc":{"start":{"line":175,"column":6},"end":{"line":176,"column":36}},"type":"if","locations":[{"start":{"line":175,"column":6},"end":{"line":176,"column":36}},{"start":{"line":176,"column":11},"end":{"line":176,"column":36}}],"line":175},"26":{"loc":{"start":{"line":190,"column":28},"end":{"line":190,"column":78}},"type":"cond-expr","locations":[{"start":{"line":190,"column":47},"end":{"line":190,"column":48}},{"start":{"line":190,"column":51},"end":{"line":190,"column":78}}],"line":190}},"s":{"0":23,"1":20,"2":3,"3":3,"4":3,"5":3,"6":3,"7":3,"8":3,"9":3,"10":1,"11":2,"12":2,"13":3,"14":3,"15":22,"16":30,"17":2,"18":28,"19":1,"20":27,"21":1,"22":26,"23":26,"24":4,"25":22,"26":22,"27":22,"28":22,"29":22,"30":23,"31":23,"32":23,"33":23,"34":25,"35":2,"36":23,"37":23,"38":23,"39":4,"40":19,"41":1,"42":18,"43":18,"44":18,"45":2,"46":16,"47":16,"48":16,"49":0,"50":16,"51":23,"52":23,"53":13,"54":22,"55":22,"56":23,"57":22,"58":22,"59":22,"60":22,"61":42,"62":42,"63":42,"64":42,"65":41,"66":41,"67":41,"68":41,"69":4,"70":41,"71":41,"72":41,"73":22,"74":22,"75":41,"76":20,"77":21,"78":42,"79":42,"80":42,"81":22},"f":{"0":23,"1":3,"2":22,"3":30},"b":{"0":[20,3],"1":[1,2],"2":[22,22],"3":[5],"4":[29],"5":[2,28],"6":[30,29],"7":[1,27],"8":[1,26],"9":[4,22],"10":[26,24],"11":[22,0],"12":[21,2],"13":[2,23],"14":[4,19],"15":[23,21],"16":[1,18],"17":[2,16],"18":[0,16],"19":[0,16],"20":[13,10],"21":[41,17],"22":[41,38],"23":[45,26],"24":[22,19],"25":[20,21],"26":[4,38]},"_coverageSchema":"1a1c01bbd47fc00a2c39e90264f33305004495a9","hash":"5d99eec1cfc771575abb947053136ad0d9e1970e"}
,"/Users/dhaddad/Documents/CS422/software-methods-w26/backend/algorithm/types/algorithm_types.js": {"path":"/Users/dhaddad/Documents/CS422/software-methods-w26/backend/algorithm/types/algorithm_types.js","statementMap":{"0":{"start":{"line":2,"column":33},"end":{"line":2,"column":35}},"1":{"start":{"line":8,"column":29},"end":{"line":12,"column":2}}},"fnMap":{},"branchMap":{},"s":{"0":1,"1":1},"f":{},"b":{},"_coverageSchema":"1a1c01bbd47fc00a2c39e90264f33305004495a9","hash":"6db8d7a825af7fbb297efdc624d317293b9512b0"}
}
