TN:
SF:inviteToken.js
FN:23,b64url
FN:32,b64urlDecode
FN:39,sign
FN:48,createInviteToken
FN:60,verifyInviteToken
FNF:5
FNH:5
FNDA:18,b64url
FNDA:5,b64urlDecode
FNDA:13,sign
FNDA:6,createInviteToken
FNDA:11,verifyInviteToken
DA:18,1
DA:24,18
DA:33,5
DA:34,9
DA:35,5
DA:40,13
DA:49,6
DA:50,6
DA:52,5
DA:54,5
DA:56,5
DA:57,5
DA:62,11
DA:64,11
DA:65,10
DA:66,9
DA:67,9
DA:69,8
DA:71,8
DA:72,8
DA:73,8
DA:74,8
DA:75,3
DA:79,5
DA:80,5
DA:82,1
DA:85,4
DA:86,3
DA:88,2
DA:89,1
DA:92,1
DA:96,1
LF:32
LH:32
BRDA:50,0,0,1
BRDA:50,0,1,5
BRDA:64,1,0,1
BRDA:64,1,1,10
BRDA:65,2,0,1
BRDA:65,2,1,9
BRDA:65,3,0,10
BRDA:65,3,1,10
BRDA:67,4,0,1
BRDA:67,4,1,8
BRDA:74,5,0,3
BRDA:74,5,1,5
BRDA:74,6,0,8
BRDA:74,6,1,7
BRDA:85,7,0,1
BRDA:85,7,1,3
BRDA:86,8,0,1
BRDA:86,8,1,2
BRDA:88,9,0,1
BRDA:88,9,1,1
BRF:20
BRH:20
end_of_record
TN:
SF:algorithm/algorithm.js
FN:20,mergeIntervals
FN:27,(anonymous_1)
FN:54,overlaps
FN:73,computeAvailabilityBlocks
FNF:4
FNH:4
FNDA:23,mergeIntervals
FNDA:3,(anonymous_1)
FNDA:22,overlaps
FNDA:30,computeAvailabilityBlocks
DA:22,23
DA:27,3
DA:30,3
DA:31,3
DA:33,3
DA:34,3
DA:36,3
DA:37,1
DA:39,2
DA:40,2
DA:43,3
DA:44,3
DA:55,22
DA:80,30
DA:81,2
DA:83,28
DA:84,1
DA:86,27
DA:87,1
DA:90,26
DA:91,26
DA:92,4
DA:95,22
DA:101,22
DA:102,22
DA:106,22
DA:108,22
DA:109,23
DA:110,23
DA:113,23
DA:115,23
DA:116,25
DA:117,23
DA:118,23
DA:119,23
DA:120,19
DA:123,18
DA:124,18
DA:125,18
DA:127,16
DA:128,16
DA:129,16
DA:131,16
DA:134,23
DA:135,23
DA:136,13
DA:142,22
DA:143,23
DA:146,22
DA:147,22
DA:151,22
DA:152,42
DA:155,42
DA:157,42
DA:159,42
DA:160,41
DA:161,41
DA:162,41
DA:165,41
DA:167,41
DA:169,41
DA:170,41
DA:171,22
DA:172,22
DA:175,41
DA:176,21
DA:179,42
DA:180,42
DA:182,42
DA:194,22
LF:70
LH:70
BRDA:22,0,0,20
BRDA:22,0,1,3
BRDA:36,1,0,1
BRDA:36,1,1,2
BRDA:55,2,0,22
BRDA:55,2,1,22
BRDA:77,3,0,5
BRDA:78,4,0,29
BRDA:80,5,0,2
BRDA:80,5,1,28
BRDA:80,6,0,30
BRDA:80,6,1,29
BRDA:83,7,0,1
BRDA:83,7,1,27
BRDA:86,8,0,1
BRDA:86,8,1,26
BRDA:91,9,0,4
BRDA:91,9,1,22
BRDA:91,10,0,26
BRDA:91,10,1,24
BRDA:101,11,0,22
BRDA:101,11,1,0
BRDA:110,12,0,21
BRDA:110,12,1,2
BRDA:116,13,0,2
BRDA:116,13,1,23
BRDA:119,14,0,4
BRDA:119,14,1,19
BRDA:119,15,0,23
BRDA:119,15,1,21
BRDA:120,16,0,1
BRDA:120,16,1,18
BRDA:125,17,0,2
BRDA:125,17,1,16
BRDA:127,18,0,0
BRDA:127,18,1,16
BRDA:129,19,0,0
BRDA:129,19,1,16
BRDA:135,20,0,13
BRDA:135,20,1,10
BRDA:161,21,0,41
BRDA:161,21,1,17
BRDA:162,22,0,41
BRDA:162,22,1,38
BRDA:165,23,0,45
BRDA:165,23,1,26
BRDA:170,24,0,22
BRDA:170,24,1,19
BRDA:175,25,0,20
BRDA:175,25,1,21
BRDA:190,26,0,4
BRDA:190,26,1,38
BRF:52
BRH:49
end_of_record
TN:
SF:algorithm/types/algorithm_types.js
FNF:0
FNH:0
DA:2,1
DA:8,1
LF:2
LH:2
BRF:0
BRH:0
end_of_record
