TN:
SF:algorithm.js
FN:20,mergeIntervals
FN:54,overlaps
FN:73,computeAvailabilityBlocks
FNF:3
FNH:3
FNDA:23,mergeIntervals
FNDA:22,overlaps
FNDA:30,computeAvailabilityBlocks
DA:1,1
DA:2,1
DA:3,1
DA:4,1
DA:5,1
DA:6,1
DA:7,1
DA:8,1
DA:9,1
DA:10,1
DA:11,1
DA:12,1
DA:13,1
DA:14,1
DA:15,1
DA:16,1
DA:17,1
DA:18,1
DA:19,1
DA:20,23
DA:21,23
DA:22,23
DA:23,3
DA:24,3
DA:25,3
DA:26,3
DA:27,3
DA:28,3
DA:29,3
DA:30,3
DA:31,3
DA:32,3
DA:33,3
DA:34,3
DA:35,3
DA:36,3
DA:37,1
DA:38,3
DA:39,2
DA:40,2
DA:41,2
DA:42,3
DA:43,3
DA:44,3
DA:45,3
DA:46,1
DA:47,1
DA:48,1
DA:49,1
DA:50,1
DA:51,1
DA:52,1
DA:53,1
DA:54,22
DA:55,22
DA:56,22
DA:57,1
DA:58,1
DA:59,1
DA:60,1
DA:61,1
DA:62,1
DA:63,1
DA:64,1
DA:65,1
DA:66,1
DA:67,1
DA:68,1
DA:69,1
DA:70,1
DA:71,1
DA:72,1
DA:73,1
DA:74,30
DA:75,30
DA:76,30
DA:77,30
DA:78,30
DA:79,30
DA:80,30
DA:81,2
DA:82,2
DA:83,30
DA:84,1
DA:85,1
DA:86,30
DA:87,1
DA:88,1
DA:89,26
DA:90,26
DA:91,30
DA:92,4
DA:93,4
DA:94,22
DA:95,22
DA:96,22
DA:97,22
DA:98,22
DA:99,30
DA:100,23
DA:101,23
DA:102,23
DA:103,23
DA:104,23
DA:105,23
DA:106,23
DA:107,25
DA:108,23
DA:109,23
DA:110,25
DA:111,25
DA:112,18
DA:113,18
DA:114,18
DA:115,18
DA:116,25
DA:117,16
DA:118,16
DA:119,16
DA:120,16
DA:121,16
DA:122,23
DA:123,23
DA:124,23
DA:125,13
DA:126,13
DA:127,23
DA:128,22
DA:129,22
DA:130,22
DA:131,22
DA:132,30
DA:133,22
DA:134,22
DA:135,22
DA:136,22
DA:137,22
DA:138,22
DA:139,22
DA:140,30
DA:141,42
DA:142,42
DA:143,42
DA:144,42
DA:145,42
DA:146,42
DA:147,42
DA:148,42
DA:149,41
DA:150,41
DA:151,41
DA:152,41
DA:153,41
DA:154,41
DA:155,41
DA:156,41
DA:157,41
DA:158,41
DA:159,41
DA:160,22
DA:161,22
DA:162,22
DA:163,41
DA:164,41
DA:165,21
DA:166,41
DA:167,42
DA:168,42
DA:169,42
DA:170,42
DA:171,42
DA:172,42
DA:173,42
DA:174,42
DA:175,42
DA:176,42
DA:177,42
DA:178,42
DA:179,42
DA:180,42
DA:181,42
DA:182,22
DA:183,22
DA:184,22
LF:184
LH:184
BRDA:20,0,0,23
BRDA:22,1,0,20
BRDA:22,2,0,3
BRDA:36,3,0,1
BRDA:38,4,0,2
BRDA:27,5,0,3
BRDA:54,6,0,22
BRDA:73,7,0,30
BRDA:80,8,0,29
BRDA:80,9,0,2
BRDA:82,10,0,28
BRDA:83,11,0,1
BRDA:85,12,0,27
BRDA:86,13,0,1
BRDA:88,14,0,26
BRDA:91,15,0,24
BRDA:91,16,0,4
BRDA:93,17,0,22
BRDA:99,18,0,23
BRDA:101,19,0,21
BRDA:101,20,0,2
BRDA:106,21,0,25
BRDA:107,22,0,2
BRDA:107,23,0,23
BRDA:110,24,0,21
BRDA:110,25,0,4
BRDA:110,26,0,19
BRDA:111,27,0,1
BRDA:111,28,0,18
BRDA:116,29,0,2
BRDA:116,30,0,16
BRDA:124,31,0,13
BRDA:127,32,0,22
BRDA:132,33,0,23
BRDA:132,34,0,22
BRDA:140,35,0,42
BRDA:148,36,0,41
BRDA:150,37,0,17
BRDA:151,38,0,38
BRDA:154,39,0,26
BRDA:154,40,0,4
BRDA:159,41,0,22
BRDA:164,42,0,20
BRDA:165,43,0,21
BRDA:179,44,0,4
BRDA:179,45,0,38
BRDA:181,46,0,22
BRF:47
BRH:47
end_of_record
TN:
SF:sum.js
FN:1,sum
FNF:1
FNH:1
FNDA:1,sum
DA:1,1
DA:2,1
DA:3,1
DA:4,1
LF:4
LH:4
BRDA:1,0,0,1
BRDA:1,1,0,1
BRF:2
BRH:2
end_of_record
TN:
SF:types/algorithm_types.js
FNF:0
FNH:0
DA:1,1
DA:2,1
DA:3,1
DA:4,1
DA:5,1
DA:6,1
DA:7,1
DA:8,1
DA:9,1
DA:10,1
DA:11,1
DA:12,1
DA:13,1
DA:14,1
DA:15,1
DA:16,1
DA:17,1
DA:18,1
DA:19,1
DA:20,1
DA:21,1
DA:22,1
DA:23,1
DA:24,1
DA:25,1
DA:26,1
DA:27,1
DA:28,1
DA:29,1
DA:30,1
DA:31,1
DA:32,1
DA:33,1
DA:34,1
DA:35,1
DA:36,1
DA:37,1
DA:38,1
DA:39,1
DA:40,1
DA:41,1
DA:42,1
DA:43,1
DA:44,1
LF:44
LH:44
BRF:0
BRH:0
end_of_record
