<?xml version="1.0" encoding="UTF-8"?>
<coverage generated="1769571988402" clover="3.2.0">
  <project timestamp="1769571988402" name="All files">
    <metrics statements="226" coveredstatements="226" conditionals="48" coveredconditionals="48" methods="4" coveredmethods="4" elements="278" coveredelements="278" complexity="0" loc="226" ncloc="226" packages="1" files="2" classes="2"/>
    <file name="availability.js" path="/Users/dhaddad/Documents/CS422/software-methods-w26/algorithm/availability.js">
      <metrics statements="222" coveredstatements="222" conditionals="47" coveredconditionals="47" methods="3" coveredmethods="3"/>
      <line num="1" count="1" type="stmt"/>
      <line num="2" count="1" type="stmt"/>
      <line num="3" count="1" type="stmt"/>
      <line num="4" count="1" type="stmt"/>
      <line num="5" count="1" type="stmt"/>
      <line num="6" count="1" type="stmt"/>
      <line num="7" count="1" type="stmt"/>
      <line num="8" count="1" type="stmt"/>
      <line num="9" count="1" type="stmt"/>
      <line num="10" count="1" type="stmt"/>
      <line num="11" count="1" type="stmt"/>
      <line num="12" count="1" type="stmt"/>
      <line num="13" count="1" type="stmt"/>
      <line num="14" count="1" type="stmt"/>
      <line num="15" count="1" type="stmt"/>
      <line num="16" count="1" type="stmt"/>
      <line num="17" count="1" type="stmt"/>
      <line num="18" count="1" type="stmt"/>
      <line num="19" count="1" type="stmt"/>
      <line num="20" count="1" type="stmt"/>
      <line num="21" count="1" type="stmt"/>
      <line num="22" count="1" type="stmt"/>
      <line num="23" count="1" type="stmt"/>
      <line num="24" count="1" type="stmt"/>
      <line num="25" count="1" type="stmt"/>
      <line num="26" count="1" type="stmt"/>
      <line num="27" count="1" type="stmt"/>
      <line num="28" count="1" type="stmt"/>
      <line num="29" count="1" type="stmt"/>
      <line num="30" count="1" type="stmt"/>
      <line num="31" count="1" type="stmt"/>
      <line num="32" count="1" type="stmt"/>
      <line num="33" count="1" type="stmt"/>
      <line num="34" count="1" type="stmt"/>
      <line num="35" count="1" type="stmt"/>
      <line num="36" count="1" type="stmt"/>
      <line num="37" count="1" type="stmt"/>
      <line num="38" count="1" type="stmt"/>
      <line num="39" count="1" type="stmt"/>
      <line num="40" count="1" type="stmt"/>
      <line num="41" count="1" type="stmt"/>
      <line num="42" count="1" type="stmt"/>
      <line num="43" count="1" type="stmt"/>
      <line num="44" count="1" type="stmt"/>
      <line num="45" count="1" type="stmt"/>
      <line num="46" count="1" type="stmt"/>
      <line num="47" count="1" type="stmt"/>
      <line num="48" count="1" type="stmt"/>
      <line num="49" count="1" type="stmt"/>
      <line num="50" count="1" type="stmt"/>
      <line num="51" count="1" type="stmt"/>
      <line num="52" count="1" type="stmt"/>
      <line num="53" count="1" type="stmt"/>
      <line num="54" count="1" type="stmt"/>
      <line num="55" count="1" type="stmt"/>
      <line num="56" count="1" type="stmt"/>
      <line num="57" count="1" type="stmt"/>
      <line num="58" count="1" type="stmt"/>
      <line num="59" count="1" type="stmt"/>
      <line num="60" count="1" type="stmt"/>
      <line num="61" count="23" type="cond" truecount="1" falsecount="0"/>
      <line num="62" count="23" type="cond" truecount="2" falsecount="0"/>
      <line num="63" count="3" type="stmt"/>
      <line num="64" count="3" type="stmt"/>
      <line num="65" count="3" type="cond" truecount="1" falsecount="0"/>
      <line num="66" count="3" type="stmt"/>
      <line num="67" count="3" type="stmt"/>
      <line num="68" count="3" type="stmt"/>
      <line num="69" count="3" type="stmt"/>
      <line num="70" count="3" type="stmt"/>
      <line num="71" count="3" type="stmt"/>
      <line num="72" count="3" type="stmt"/>
      <line num="73" count="3" type="stmt"/>
      <line num="74" count="3" type="cond" truecount="1" falsecount="0"/>
      <line num="75" count="1" type="stmt"/>
      <line num="76" count="3" type="cond" truecount="1" falsecount="0"/>
      <line num="77" count="2" type="stmt"/>
      <line num="78" count="2" type="stmt"/>
      <line num="79" count="2" type="stmt"/>
      <line num="80" count="3" type="stmt"/>
      <line num="81" count="3" type="stmt"/>
      <line num="82" count="3" type="stmt"/>
      <line num="83" count="3" type="stmt"/>
      <line num="84" count="1" type="stmt"/>
      <line num="85" count="1" type="stmt"/>
      <line num="86" count="1" type="stmt"/>
      <line num="87" count="1" type="stmt"/>
      <line num="88" count="1" type="stmt"/>
      <line num="89" count="1" type="stmt"/>
      <line num="90" count="1" type="stmt"/>
      <line num="91" count="1" type="stmt"/>
      <line num="92" count="22" type="cond" truecount="1" falsecount="0"/>
      <line num="93" count="22" type="stmt"/>
      <line num="94" count="22" type="stmt"/>
      <line num="95" count="1" type="stmt"/>
      <line num="96" count="1" type="stmt"/>
      <line num="97" count="1" type="stmt"/>
      <line num="98" count="1" type="stmt"/>
      <line num="99" count="1" type="stmt"/>
      <line num="100" count="1" type="stmt"/>
      <line num="101" count="1" type="stmt"/>
      <line num="102" count="1" type="stmt"/>
      <line num="103" count="1" type="stmt"/>
      <line num="104" count="1" type="stmt"/>
      <line num="105" count="1" type="stmt"/>
      <line num="106" count="1" type="stmt"/>
      <line num="107" count="1" type="stmt"/>
      <line num="108" count="1" type="stmt"/>
      <line num="109" count="1" type="stmt"/>
      <line num="110" count="1" type="stmt"/>
      <line num="111" count="1" type="cond" truecount="1" falsecount="0"/>
      <line num="112" count="30" type="stmt"/>
      <line num="113" count="30" type="stmt"/>
      <line num="114" count="30" type="stmt"/>
      <line num="115" count="30" type="stmt"/>
      <line num="116" count="30" type="stmt"/>
      <line num="117" count="30" type="stmt"/>
      <line num="118" count="30" type="cond" truecount="2" falsecount="0"/>
      <line num="119" count="2" type="stmt"/>
      <line num="120" count="2" type="cond" truecount="1" falsecount="0"/>
      <line num="121" count="30" type="cond" truecount="1" falsecount="0"/>
      <line num="122" count="1" type="stmt"/>
      <line num="123" count="1" type="cond" truecount="1" falsecount="0"/>
      <line num="124" count="30" type="cond" truecount="1" falsecount="0"/>
      <line num="125" count="1" type="stmt"/>
      <line num="126" count="1" type="cond" truecount="1" falsecount="0"/>
      <line num="127" count="26" type="stmt"/>
      <line num="128" count="26" type="stmt"/>
      <line num="129" count="30" type="cond" truecount="2" falsecount="0"/>
      <line num="130" count="4" type="stmt"/>
      <line num="131" count="4" type="cond" truecount="1" falsecount="0"/>
      <line num="132" count="22" type="stmt"/>
      <line num="133" count="22" type="stmt"/>
      <line num="134" count="22" type="stmt"/>
      <line num="135" count="22" type="stmt"/>
      <line num="136" count="22" type="stmt"/>
      <line num="137" count="30" type="cond" truecount="1" falsecount="0"/>
      <line num="138" count="23" type="stmt"/>
      <line num="139" count="23" type="cond" truecount="2" falsecount="0"/>
      <line num="140" count="23" type="stmt"/>
      <line num="141" count="23" type="stmt"/>
      <line num="142" count="23" type="stmt"/>
      <line num="143" count="23" type="stmt"/>
      <line num="144" count="23" type="cond" truecount="1" falsecount="0"/>
      <line num="145" count="25" type="cond" truecount="2" falsecount="0"/>
      <line num="146" count="23" type="stmt"/>
      <line num="147" count="23" type="stmt"/>
      <line num="148" count="25" type="cond" truecount="3" falsecount="0"/>
      <line num="149" count="25" type="cond" truecount="2" falsecount="0"/>
      <line num="150" count="18" type="stmt"/>
      <line num="151" count="18" type="stmt"/>
      <line num="152" count="18" type="stmt"/>
      <line num="153" count="18" type="stmt"/>
      <line num="154" count="25" type="cond" truecount="2" falsecount="0"/>
      <line num="155" count="16" type="stmt"/>
      <line num="156" count="16" type="stmt"/>
      <line num="157" count="16" type="stmt"/>
      <line num="158" count="16" type="stmt"/>
      <line num="159" count="16" type="stmt"/>
      <line num="160" count="23" type="stmt"/>
      <line num="161" count="23" type="stmt"/>
      <line num="162" count="23" type="cond" truecount="1" falsecount="0"/>
      <line num="163" count="13" type="stmt"/>
      <line num="164" count="13" type="stmt"/>
      <line num="165" count="23" type="cond" truecount="1" falsecount="0"/>
      <line num="166" count="22" type="stmt"/>
      <line num="167" count="22" type="stmt"/>
      <line num="168" count="22" type="stmt"/>
      <line num="169" count="22" type="stmt"/>
      <line num="170" count="30" type="cond" truecount="2" falsecount="0"/>
      <line num="171" count="22" type="stmt"/>
      <line num="172" count="22" type="stmt"/>
      <line num="173" count="22" type="stmt"/>
      <line num="174" count="22" type="stmt"/>
      <line num="175" count="22" type="stmt"/>
      <line num="176" count="22" type="stmt"/>
      <line num="177" count="22" type="stmt"/>
      <line num="178" count="30" type="cond" truecount="1" falsecount="0"/>
      <line num="179" count="42" type="stmt"/>
      <line num="180" count="42" type="stmt"/>
      <line num="181" count="42" type="stmt"/>
      <line num="182" count="42" type="stmt"/>
      <line num="183" count="42" type="stmt"/>
      <line num="184" count="42" type="stmt"/>
      <line num="185" count="42" type="stmt"/>
      <line num="186" count="42" type="cond" truecount="1" falsecount="0"/>
      <line num="187" count="41" type="stmt"/>
      <line num="188" count="41" type="cond" truecount="1" falsecount="0"/>
      <line num="189" count="41" type="cond" truecount="1" falsecount="0"/>
      <line num="190" count="41" type="stmt"/>
      <line num="191" count="41" type="stmt"/>
      <line num="192" count="41" type="cond" truecount="2" falsecount="0"/>
      <line num="193" count="41" type="stmt"/>
      <line num="194" count="41" type="stmt"/>
      <line num="195" count="41" type="stmt"/>
      <line num="196" count="41" type="stmt"/>
      <line num="197" count="41" type="cond" truecount="1" falsecount="0"/>
      <line num="198" count="22" type="stmt"/>
      <line num="199" count="22" type="stmt"/>
      <line num="200" count="22" type="stmt"/>
      <line num="201" count="41" type="stmt"/>
      <line num="202" count="41" type="cond" truecount="1" falsecount="0"/>
      <line num="203" count="21" type="cond" truecount="1" falsecount="0"/>
      <line num="204" count="41" type="stmt"/>
      <line num="205" count="42" type="stmt"/>
      <line num="206" count="42" type="stmt"/>
      <line num="207" count="42" type="stmt"/>
      <line num="208" count="42" type="stmt"/>
      <line num="209" count="42" type="stmt"/>
      <line num="210" count="42" type="stmt"/>
      <line num="211" count="42" type="stmt"/>
      <line num="212" count="42" type="stmt"/>
      <line num="213" count="42" type="stmt"/>
      <line num="214" count="42" type="stmt"/>
      <line num="215" count="42" type="stmt"/>
      <line num="216" count="42" type="stmt"/>
      <line num="217" count="42" type="cond" truecount="2" falsecount="0"/>
      <line num="218" count="42" type="stmt"/>
      <line num="219" count="42" type="cond" truecount="1" falsecount="0"/>
      <line num="220" count="22" type="stmt"/>
      <line num="221" count="22" type="stmt"/>
      <line num="222" count="22" type="stmt"/>
    </file>
    <file name="sum.js" path="/Users/dhaddad/Documents/CS422/software-methods-w26/algorithm/sum.js">
      <metrics statements="4" coveredstatements="4" conditionals="1" coveredconditionals="1" methods="1" coveredmethods="1"/>
      <line num="1" count="1" type="cond" truecount="1" falsecount="0"/>
      <line num="2" count="1" type="stmt"/>
      <line num="3" count="1" type="stmt"/>
      <line num="4" count="1" type="stmt"/>
    </file>
  </project>
</coverage>
