{"/Users/dhaddad/Documents/CS422/software-methods-w26/algorithm/availability.js": {"path":"/Users/dhaddad/Documents/CS422/software-methods-w26/algorithm/availability.js","all":false,"statementMap":{"0":{"start":{"line":1,"column":0},"end":{"line":1,"column":18}},"1":{"start":{"line":2,"column":0},"end":{"line":2,"column":129}},"2":{"start":{"line":3,"column":0},"end":{"line":3,"column":0}},"3":{"start":{"line":4,"column":0},"end":{"line":4,"column":43}},"4":{"start":{"line":5,"column":0},"end":{"line":5,"column":36}},"5":{"start":{"line":6,"column":0},"end":{"line":6,"column":0}},"6":{"start":{"line":7,"column":0},"end":{"line":7,"column":3}},"7":{"start":{"line":8,"column":0},"end":{"line":8,"column":24}},"8":{"start":{"line":9,"column":0},"end":{"line":9,"column":58}},"9":{"start":{"line":10,"column":0},"end":{"line":10,"column":3}},"10":{"start":{"line":11,"column":0},"end":{"line":11,"column":44}},"11":{"start":{"line":12,"column":0},"end":{"line":12,"column":11}},"12":{"start":{"line":13,"column":0},"end":{"line":13,"column":11}},"13":{"start":{"line":14,"column":0},"end":{"line":14,"column":44}},"14":{"start":{"line":15,"column":0},"end":{"line":15,"column":3}},"15":{"start":{"line":16,"column":0},"end":{"line":16,"column":0}},"16":{"start":{"line":17,"column":0},"end":{"line":17,"column":3}},"17":{"start":{"line":18,"column":0},"end":{"line":18,"column":27}},"18":{"start":{"line":19,"column":0},"end":{"line":19,"column":3}},"19":{"start":{"line":20,"column":0},"end":{"line":20,"column":0}},"20":{"start":{"line":21,"column":0},"end":{"line":21,"column":3}},"21":{"start":{"line":22,"column":0},"end":{"line":22,"column":58}},"22":{"start":{"line":23,"column":0},"end":{"line":23,"column":36}},"23":{"start":{"line":24,"column":0},"end":{"line":24,"column":2}},"24":{"start":{"line":25,"column":0},"end":{"line":25,"column":34}},"25":{"start":{"line":26,"column":0},"end":{"line":26,"column":74}},"26":{"start":{"line":27,"column":0},"end":{"line":27,"column":28}},"27":{"start":{"line":28,"column":0},"end":{"line":28,"column":29}},"28":{"start":{"line":29,"column":0},"end":{"line":29,"column":27}},"29":{"start":{"line":30,"column":0},"end":{"line":30,"column":73}},"30":{"start":{"line":31,"column":0},"end":{"line":31,"column":77}},"31":{"start":{"line":32,"column":0},"end":{"line":32,"column":3}},"32":{"start":{"line":33,"column":0},"end":{"line":33,"column":0}},"33":{"start":{"line":34,"column":0},"end":{"line":34,"column":3}},"34":{"start":{"line":35,"column":0},"end":{"line":35,"column":30}},"35":{"start":{"line":36,"column":0},"end":{"line":36,"column":40}},"36":{"start":{"line":37,"column":0},"end":{"line":37,"column":28}},"37":{"start":{"line":38,"column":0},"end":{"line":38,"column":37}},"38":{"start":{"line":39,"column":0},"end":{"line":39,"column":3}},"39":{"start":{"line":40,"column":0},"end":{"line":40,"column":0}},"40":{"start":{"line":41,"column":0},"end":{"line":41,"column":3}},"41":{"start":{"line":42,"column":0},"end":{"line":42,"column":65}},"42":{"start":{"line":43,"column":0},"end":{"line":43,"column":38}},"43":{"start":{"line":44,"column":0},"end":{"line":44,"column":29}},"44":{"start":{"line":45,"column":0},"end":{"line":45,"column":27}},"45":{"start":{"line":46,"column":0},"end":{"line":46,"column":35}},"46":{"start":{"line":47,"column":0},"end":{"line":47,"column":35}},"47":{"start":{"line":48,"column":0},"end":{"line":48,"column":36}},"48":{"start":{"line":49,"column":0},"end":{"line":49,"column":31}},"49":{"start":{"line":50,"column":0},"end":{"line":50,"column":32}},"50":{"start":{"line":51,"column":0},"end":{"line":51,"column":42}},"51":{"start":{"line":52,"column":0},"end":{"line":52,"column":3}},"52":{"start":{"line":53,"column":0},"end":{"line":53,"column":0}},"53":{"start":{"line":54,"column":0},"end":{"line":54,"column":3}},"54":{"start":{"line":55,"column":0},"end":{"line":55,"column":53}},"55":{"start":{"line":56,"column":0},"end":{"line":56,"column":73}},"56":{"start":{"line":57,"column":0},"end":{"line":57,"column":2}},"57":{"start":{"line":58,"column":0},"end":{"line":58,"column":53}},"58":{"start":{"line":59,"column":0},"end":{"line":59,"column":45}},"59":{"start":{"line":60,"column":0},"end":{"line":60,"column":3}},"60":{"start":{"line":61,"column":0},"end":{"line":61,"column":36}},"61":{"start":{"line":62,"column":0},"end":{"line":62,"column":54}},"62":{"start":{"line":63,"column":0},"end":{"line":63,"column":0}},"63":{"start":{"line":64,"column":0},"end":{"line":64,"column":144}},"64":{"start":{"line":65,"column":0},"end":{"line":65,"column":73}},"65":{"start":{"line":66,"column":0},"end":{"line":66,"column":0}},"66":{"start":{"line":67,"column":0},"end":{"line":67,"column":48}},"67":{"start":{"line":68,"column":0},"end":{"line":68,"column":20}},"68":{"start":{"line":69,"column":0},"end":{"line":69,"column":67}},"69":{"start":{"line":70,"column":0},"end":{"line":70,"column":0}},"70":{"start":{"line":71,"column":0},"end":{"line":71,"column":43}},"71":{"start":{"line":72,"column":0},"end":{"line":72,"column":27}},"72":{"start":{"line":73,"column":0},"end":{"line":73,"column":75}},"73":{"start":{"line":74,"column":0},"end":{"line":74,"column":36}},"74":{"start":{"line":75,"column":0},"end":{"line":75,"column":50}},"75":{"start":{"line":76,"column":0},"end":{"line":76,"column":12}},"76":{"start":{"line":77,"column":0},"end":{"line":77,"column":23}},"77":{"start":{"line":78,"column":0},"end":{"line":78,"column":57}},"78":{"start":{"line":79,"column":0},"end":{"line":79,"column":5}},"79":{"start":{"line":80,"column":0},"end":{"line":80,"column":3}},"80":{"start":{"line":81,"column":0},"end":{"line":81,"column":19}},"81":{"start":{"line":82,"column":0},"end":{"line":82,"column":16}},"82":{"start":{"line":83,"column":0},"end":{"line":83,"column":1}},"83":{"start":{"line":84,"column":0},"end":{"line":84,"column":0}},"84":{"start":{"line":85,"column":0},"end":{"line":85,"column":3}},"85":{"start":{"line":86,"column":0},"end":{"line":86,"column":49}},"86":{"start":{"line":87,"column":0},"end":{"line":87,"column":25}},"87":{"start":{"line":88,"column":0},"end":{"line":88,"column":23}},"88":{"start":{"line":89,"column":0},"end":{"line":89,"column":25}},"89":{"start":{"line":90,"column":0},"end":{"line":90,"column":23}},"90":{"start":{"line":91,"column":0},"end":{"line":91,"column":3}},"91":{"start":{"line":92,"column":0},"end":{"line":92,"column":47}},"92":{"start":{"line":93,"column":0},"end":{"line":93,"column":40}},"93":{"start":{"line":94,"column":0},"end":{"line":94,"column":1}},"94":{"start":{"line":95,"column":0},"end":{"line":95,"column":0}},"95":{"start":{"line":96,"column":0},"end":{"line":96,"column":3}},"96":{"start":{"line":97,"column":0},"end":{"line":97,"column":64}},"97":{"start":{"line":98,"column":0},"end":{"line":98,"column":2}},"98":{"start":{"line":99,"column":0},"end":{"line":99,"column":64}},"99":{"start":{"line":100,"column":0},"end":{"line":100,"column":75}},"100":{"start":{"line":101,"column":0},"end":{"line":101,"column":77}},"101":{"start":{"line":102,"column":0},"end":{"line":102,"column":2}},"102":{"start":{"line":103,"column":0},"end":{"line":103,"column":23}},"103":{"start":{"line":104,"column":0},"end":{"line":104,"column":49}},"104":{"start":{"line":105,"column":0},"end":{"line":105,"column":47}},"105":{"start":{"line":106,"column":0},"end":{"line":106,"column":51}},"106":{"start":{"line":107,"column":0},"end":{"line":107,"column":62}},"107":{"start":{"line":108,"column":0},"end":{"line":108,"column":78}},"108":{"start":{"line":109,"column":0},"end":{"line":109,"column":33}},"109":{"start":{"line":110,"column":0},"end":{"line":110,"column":3}},"110":{"start":{"line":111,"column":0},"end":{"line":111,"column":43}},"111":{"start":{"line":112,"column":0},"end":{"line":112,"column":16}},"112":{"start":{"line":113,"column":0},"end":{"line":113,"column":14}},"113":{"start":{"line":114,"column":0},"end":{"line":114,"column":15}},"114":{"start":{"line":115,"column":0},"end":{"line":115,"column":41}},"115":{"start":{"line":116,"column":0},"end":{"line":116,"column":57}},"116":{"start":{"line":117,"column":0},"end":{"line":117,"column":4}},"117":{"start":{"line":118,"column":0},"end":{"line":118,"column":73}},"118":{"start":{"line":119,"column":0},"end":{"line":119,"column":77}},"119":{"start":{"line":120,"column":0},"end":{"line":120,"column":3}},"120":{"start":{"line":121,"column":0},"end":{"line":121,"column":37}},"121":{"start":{"line":122,"column":0},"end":{"line":122,"column":60}},"122":{"start":{"line":123,"column":0},"end":{"line":123,"column":3}},"123":{"start":{"line":124,"column":0},"end":{"line":124,"column":37}},"124":{"start":{"line":125,"column":0},"end":{"line":125,"column":54}},"125":{"start":{"line":126,"column":0},"end":{"line":126,"column":3}},"126":{"start":{"line":127,"column":0},"end":{"line":127,"column":0}},"127":{"start":{"line":128,"column":0},"end":{"line":128,"column":49}},"128":{"start":{"line":129,"column":0},"end":{"line":129,"column":50}},"129":{"start":{"line":130,"column":0},"end":{"line":130,"column":69}},"130":{"start":{"line":131,"column":0},"end":{"line":131,"column":3}},"131":{"start":{"line":132,"column":0},"end":{"line":132,"column":0}},"132":{"start":{"line":133,"column":0},"end":{"line":133,"column":74}},"133":{"start":{"line":134,"column":0},"end":{"line":134,"column":61}},"134":{"start":{"line":135,"column":0},"end":{"line":135,"column":37}},"135":{"start":{"line":136,"column":0},"end":{"line":136,"column":0}},"136":{"start":{"line":137,"column":0},"end":{"line":137,"column":33}},"137":{"start":{"line":138,"column":0},"end":{"line":138,"column":28}},"138":{"start":{"line":139,"column":0},"end":{"line":139,"column":62}},"139":{"start":{"line":140,"column":0},"end":{"line":140,"column":0}},"140":{"start":{"line":141,"column":0},"end":{"line":141,"column":50}},"141":{"start":{"line":142,"column":0},"end":{"line":142,"column":23}},"142":{"start":{"line":143,"column":0},"end":{"line":143,"column":0}},"143":{"start":{"line":144,"column":0},"end":{"line":144,"column":33}},"144":{"start":{"line":145,"column":0},"end":{"line":145,"column":24}},"145":{"start":{"line":146,"column":0},"end":{"line":146,"column":27}},"146":{"start":{"line":147,"column":0},"end":{"line":147,"column":25}},"147":{"start":{"line":148,"column":0},"end":{"line":148,"column":63}},"148":{"start":{"line":149,"column":0},"end":{"line":149,"column":27}},"149":{"start":{"line":150,"column":0},"end":{"line":150,"column":0}},"150":{"start":{"line":151,"column":0},"end":{"line":151,"column":34}},"151":{"start":{"line":152,"column":0},"end":{"line":152,"column":49}},"152":{"start":{"line":153,"column":0},"end":{"line":153,"column":45}},"153":{"start":{"line":154,"column":0},"end":{"line":154,"column":37}},"154":{"start":{"line":155,"column":0},"end":{"line":155,"column":0}},"155":{"start":{"line":156,"column":0},"end":{"line":156,"column":60}},"156":{"start":{"line":157,"column":0},"end":{"line":157,"column":65}},"157":{"start":{"line":158,"column":0},"end":{"line":158,"column":39}},"158":{"start":{"line":159,"column":0},"end":{"line":159,"column":5}},"159":{"start":{"line":160,"column":0},"end":{"line":160,"column":0}},"160":{"start":{"line":161,"column":0},"end":{"line":161,"column":43}},"161":{"start":{"line":162,"column":0},"end":{"line":162,"column":28}},"162":{"start":{"line":163,"column":0},"end":{"line":163,"column":70}},"163":{"start":{"line":164,"column":0},"end":{"line":164,"column":5}},"164":{"start":{"line":165,"column":0},"end":{"line":165,"column":3}},"165":{"start":{"line":166,"column":0},"end":{"line":166,"column":0}},"166":{"start":{"line":167,"column":0},"end":{"line":167,"column":66}},"167":{"start":{"line":168,"column":0},"end":{"line":168,"column":36}},"168":{"start":{"line":169,"column":0},"end":{"line":169,"column":30}},"169":{"start":{"line":170,"column":0},"end":{"line":170,"column":59}},"170":{"start":{"line":171,"column":0},"end":{"line":171,"column":0}},"171":{"start":{"line":172,"column":0},"end":{"line":172,"column":36}},"172":{"start":{"line":173,"column":0},"end":{"line":173,"column":17}},"173":{"start":{"line":174,"column":0},"end":{"line":174,"column":41}},"174":{"start":{"line":175,"column":0},"end":{"line":175,"column":0}},"175":{"start":{"line":176,"column":0},"end":{"line":176,"column":57}},"176":{"start":{"line":177,"column":0},"end":{"line":177,"column":86}},"177":{"start":{"line":178,"column":0},"end":{"line":178,"column":89}},"178":{"start":{"line":179,"column":0},"end":{"line":179,"column":65}},"179":{"start":{"line":180,"column":0},"end":{"line":180,"column":0}},"180":{"start":{"line":181,"column":0},"end":{"line":181,"column":27}},"181":{"start":{"line":182,"column":0},"end":{"line":182,"column":27}},"182":{"start":{"line":183,"column":0},"end":{"line":183,"column":27}},"183":{"start":{"line":184,"column":0},"end":{"line":184,"column":27}},"184":{"start":{"line":185,"column":0},"end":{"line":185,"column":0}},"185":{"start":{"line":186,"column":0},"end":{"line":186,"column":35}},"186":{"start":{"line":187,"column":0},"end":{"line":187,"column":30}},"187":{"start":{"line":188,"column":0},"end":{"line":188,"column":56}},"188":{"start":{"line":189,"column":0},"end":{"line":189,"column":43}},"189":{"start":{"line":190,"column":0},"end":{"line":190,"column":0}},"190":{"start":{"line":191,"column":0},"end":{"line":191,"column":69}},"191":{"start":{"line":192,"column":0},"end":{"line":192,"column":75}},"192":{"start":{"line":193,"column":0},"end":{"line":193,"column":0}},"193":{"start":{"line":194,"column":0},"end":{"line":194,"column":33}},"194":{"start":{"line":195,"column":0},"end":{"line":195,"column":0}},"195":{"start":{"line":196,"column":0},"end":{"line":196,"column":25}},"196":{"start":{"line":197,"column":0},"end":{"line":197,"column":32}},"197":{"start":{"line":198,"column":0},"end":{"line":198,"column":37}},"198":{"start":{"line":199,"column":0},"end":{"line":199,"column":82}},"199":{"start":{"line":200,"column":0},"end":{"line":200,"column":7}},"200":{"start":{"line":201,"column":0},"end":{"line":201,"column":0}},"201":{"start":{"line":202,"column":0},"end":{"line":202,"column":43}},"202":{"start":{"line":203,"column":0},"end":{"line":203,"column":36}},"203":{"start":{"line":204,"column":0},"end":{"line":204,"column":5}},"204":{"start":{"line":205,"column":0},"end":{"line":205,"column":0}},"205":{"start":{"line":206,"column":0},"end":{"line":206,"column":46}},"206":{"start":{"line":207,"column":0},"end":{"line":207,"column":41}},"207":{"start":{"line":208,"column":0},"end":{"line":208,"column":0}},"208":{"start":{"line":209,"column":0},"end":{"line":209,"column":14}},"209":{"start":{"line":210,"column":0},"end":{"line":210,"column":26}},"210":{"start":{"line":211,"column":0},"end":{"line":211,"column":22}},"211":{"start":{"line":212,"column":0},"end":{"line":212,"column":18}},"212":{"start":{"line":213,"column":0},"end":{"line":213,"column":18}},"213":{"start":{"line":214,"column":0},"end":{"line":214,"column":21}},"214":{"start":{"line":215,"column":0},"end":{"line":215,"column":16}},"215":{"start":{"line":216,"column":0},"end":{"line":216,"column":17}},"216":{"start":{"line":217,"column":0},"end":{"line":217,"column":79}},"217":{"start":{"line":218,"column":0},"end":{"line":218,"column":7}},"218":{"start":{"line":219,"column":0},"end":{"line":219,"column":3}},"219":{"start":{"line":220,"column":0},"end":{"line":220,"column":0}},"220":{"start":{"line":221,"column":0},"end":{"line":221,"column":13}},"221":{"start":{"line":222,"column":0},"end":{"line":222,"column":1}}},"s":{"0":1,"1":1,"2":1,"3":1,"4":1,"5":1,"6":1,"7":1,"8":1,"9":1,"10":1,"11":1,"12":1,"13":1,"14":1,"15":1,"16":1,"17":1,"18":1,"19":1,"20":1,"21":1,"22":1,"23":1,"24":1,"25":1,"26":1,"27":1,"28":1,"29":1,"30":1,"31":1,"32":1,"33":1,"34":1,"35":1,"36":1,"37":1,"38":1,"39":1,"40":1,"41":1,"42":1,"43":1,"44":1,"45":1,"46":1,"47":1,"48":1,"49":1,"50":1,"51":1,"52":1,"53":1,"54":1,"55":1,"56":1,"57":1,"58":1,"59":1,"60":23,"61":23,"62":3,"63":3,"64":3,"65":3,"66":3,"67":3,"68":3,"69":3,"70":3,"71":3,"72":3,"73":3,"74":1,"75":3,"76":2,"77":2,"78":2,"79":3,"80":3,"81":3,"82":3,"83":1,"84":1,"85":1,"86":1,"87":1,"88":1,"89":1,"90":1,"91":22,"92":22,"93":22,"94":1,"95":1,"96":1,"97":1,"98":1,"99":1,"100":1,"101":1,"102":1,"103":1,"104":1,"105":1,"106":1,"107":1,"108":1,"109":1,"110":1,"111":30,"112":30,"113":30,"114":30,"115":30,"116":30,"117":30,"118":2,"119":2,"120":30,"121":1,"122":1,"123":30,"124":1,"125":1,"126":26,"127":26,"128":30,"129":4,"130":4,"131":22,"132":22,"133":22,"134":22,"135":22,"136":30,"137":23,"138":23,"139":23,"140":23,"141":23,"142":23,"143":23,"144":25,"145":23,"146":23,"147":25,"148":25,"149":18,"150":18,"151":18,"152":18,"153":25,"154":16,"155":16,"156":16,"157":16,"158":16,"159":23,"160":23,"161":23,"162":13,"163":13,"164":23,"165":22,"166":22,"167":22,"168":22,"169":30,"170":22,"171":22,"172":22,"173":22,"174":22,"175":22,"176":22,"177":30,"178":42,"179":42,"180":42,"181":42,"182":42,"183":42,"184":42,"185":42,"186":41,"187":41,"188":41,"189":41,"190":41,"191":41,"192":41,"193":41,"194":41,"195":41,"196":41,"197":22,"198":22,"199":22,"200":41,"201":41,"202":21,"203":41,"204":42,"205":42,"206":42,"207":42,"208":42,"209":42,"210":42,"211":42,"212":42,"213":42,"214":42,"215":42,"216":42,"217":42,"218":42,"219":22,"220":22,"221":22},"branchMap":{"0":{"type":"branch","line":61,"loc":{"start":{"line":61,"column":0},"end":{"line":83,"column":1}},"locations":[{"start":{"line":61,"column":0},"end":{"line":83,"column":1}}]},"1":{"type":"branch","line":62,"loc":{"start":{"line":62,"column":29},"end":{"line":62,"column":54}},"locations":[{"start":{"line":62,"column":29},"end":{"line":62,"column":54}}]},"2":{"type":"branch","line":62,"loc":{"start":{"line":62,"column":53},"end":{"line":83,"column":1}},"locations":[{"start":{"line":62,"column":53},"end":{"line":83,"column":1}}]},"3":{"type":"branch","line":74,"loc":{"start":{"line":74,"column":35},"end":{"line":76,"column":5}},"locations":[{"start":{"line":74,"column":35},"end":{"line":76,"column":5}}]},"4":{"type":"branch","line":76,"loc":{"start":{"line":76,"column":5},"end":{"line":79,"column":5}},"locations":[{"start":{"line":76,"column":5},"end":{"line":79,"column":5}}]},"5":{"type":"branch","line":65,"loc":{"start":{"line":65,"column":40},"end":{"line":65,"column":71}},"locations":[{"start":{"line":65,"column":40},"end":{"line":65,"column":71}}]},"6":{"type":"branch","line":92,"loc":{"start":{"line":92,"column":0},"end":{"line":94,"column":1}},"locations":[{"start":{"line":92,"column":0},"end":{"line":94,"column":1}}]},"7":{"type":"branch","line":111,"loc":{"start":{"line":111,"column":7},"end":{"line":222,"column":1}},"locations":[{"start":{"line":111,"column":7},"end":{"line":222,"column":1}}]},"8":{"type":"branch","line":118,"loc":{"start":{"line":118,"column":37},"end":{"line":118,"column":70}},"locations":[{"start":{"line":118,"column":37},"end":{"line":118,"column":70}}]},"9":{"type":"branch","line":118,"loc":{"start":{"line":118,"column":72},"end":{"line":120,"column":3}},"locations":[{"start":{"line":118,"column":72},"end":{"line":120,"column":3}}]},"10":{"type":"branch","line":120,"loc":{"start":{"line":120,"column":2},"end":{"line":121,"column":36}},"locations":[{"start":{"line":120,"column":2},"end":{"line":121,"column":36}}]},"11":{"type":"branch","line":121,"loc":{"start":{"line":121,"column":36},"end":{"line":123,"column":3}},"locations":[{"start":{"line":121,"column":36},"end":{"line":123,"column":3}}]},"12":{"type":"branch","line":123,"loc":{"start":{"line":123,"column":2},"end":{"line":124,"column":36}},"locations":[{"start":{"line":123,"column":2},"end":{"line":124,"column":36}}]},"13":{"type":"branch","line":124,"loc":{"start":{"line":124,"column":36},"end":{"line":126,"column":3}},"locations":[{"start":{"line":124,"column":36},"end":{"line":126,"column":3}}]},"14":{"type":"branch","line":126,"loc":{"start":{"line":126,"column":2},"end":{"line":129,"column":35}},"locations":[{"start":{"line":126,"column":2},"end":{"line":129,"column":35}}]},"15":{"type":"branch","line":129,"loc":{"start":{"line":129,"column":31},"end":{"line":129,"column":47}},"locations":[{"start":{"line":129,"column":31},"end":{"line":129,"column":47}}]},"16":{"type":"branch","line":129,"loc":{"start":{"line":129,"column":49},"end":{"line":131,"column":3}},"locations":[{"start":{"line":129,"column":49},"end":{"line":131,"column":3}}]},"17":{"type":"branch","line":131,"loc":{"start":{"line":131,"column":2},"end":{"line":137,"column":32}},"locations":[{"start":{"line":131,"column":2},"end":{"line":137,"column":32}}]},"18":{"type":"branch","line":137,"loc":{"start":{"line":137,"column":32},"end":{"line":165,"column":3}},"locations":[{"start":{"line":137,"column":32},"end":{"line":165,"column":3}}]},"19":{"type":"branch","line":139,"loc":{"start":{"line":139,"column":45},"end":{"line":139,"column":56}},"locations":[{"start":{"line":139,"column":45},"end":{"line":139,"column":56}}]},"20":{"type":"branch","line":139,"loc":{"start":{"line":139,"column":56},"end":{"line":139,"column":61}},"locations":[{"start":{"line":139,"column":56},"end":{"line":139,"column":61}}]},"21":{"type":"branch","line":144,"loc":{"start":{"line":144,"column":32},"end":{"line":159,"column":5}},"locations":[{"start":{"line":144,"column":32},"end":{"line":159,"column":5}}]},"22":{"type":"branch","line":145,"loc":{"start":{"line":145,"column":15},"end":{"line":145,"column":24}},"locations":[{"start":{"line":145,"column":15},"end":{"line":145,"column":24}}]},"23":{"type":"branch","line":145,"loc":{"start":{"line":145,"column":15},"end":{"line":148,"column":33}},"locations":[{"start":{"line":145,"column":15},"end":{"line":148,"column":33}}]},"24":{"type":"branch","line":148,"loc":{"start":{"line":148,"column":29},"end":{"line":148,"column":52}},"locations":[{"start":{"line":148,"column":29},"end":{"line":148,"column":52}}]},"25":{"type":"branch","line":148,"loc":{"start":{"line":148,"column":54},"end":{"line":148,"column":63}},"locations":[{"start":{"line":148,"column":54},"end":{"line":148,"column":63}}]},"26":{"type":"branch","line":148,"loc":{"start":{"line":148,"column":54},"end":{"line":149,"column":18}},"locations":[{"start":{"line":148,"column":54},"end":{"line":149,"column":18}}]},"27":{"type":"branch","line":149,"loc":{"start":{"line":149,"column":18},"end":{"line":149,"column":27}},"locations":[{"start":{"line":149,"column":18},"end":{"line":149,"column":27}}]},"28":{"type":"branch","line":149,"loc":{"start":{"line":149,"column":18},"end":{"line":154,"column":28}},"locations":[{"start":{"line":149,"column":18},"end":{"line":154,"column":28}}]},"29":{"type":"branch","line":154,"loc":{"start":{"line":154,"column":28},"end":{"line":154,"column":37}},"locations":[{"start":{"line":154,"column":28},"end":{"line":154,"column":37}}]},"30":{"type":"branch","line":154,"loc":{"start":{"line":154,"column":28},"end":{"line":159,"column":5}},"locations":[{"start":{"line":154,"column":28},"end":{"line":159,"column":5}}]},"31":{"type":"branch","line":162,"loc":{"start":{"line":162,"column":27},"end":{"line":164,"column":5}},"locations":[{"start":{"line":162,"column":27},"end":{"line":164,"column":5}}]},"32":{"type":"branch","line":165,"loc":{"start":{"line":165,"column":2},"end":{"line":170,"column":32}},"locations":[{"start":{"line":165,"column":2},"end":{"line":170,"column":32}}]},"33":{"type":"branch","line":170,"loc":{"start":{"line":170,"column":32},"end":{"line":170,"column":59}},"locations":[{"start":{"line":170,"column":32},"end":{"line":170,"column":59}}]},"34":{"type":"branch","line":170,"loc":{"start":{"line":170,"column":58},"end":{"line":178,"column":88}},"locations":[{"start":{"line":170,"column":58},"end":{"line":178,"column":88}}]},"35":{"type":"branch","line":178,"loc":{"start":{"line":178,"column":88},"end":{"line":219,"column":3}},"locations":[{"start":{"line":178,"column":88},"end":{"line":219,"column":3}}]},"36":{"type":"branch","line":186,"loc":{"start":{"line":186,"column":34},"end":{"line":204,"column":5}},"locations":[{"start":{"line":186,"column":34},"end":{"line":204,"column":5}}]},"37":{"type":"branch","line":188,"loc":{"start":{"line":188,"column":49},"end":{"line":188,"column":55}},"locations":[{"start":{"line":188,"column":49},"end":{"line":188,"column":55}}]},"38":{"type":"branch","line":189,"loc":{"start":{"line":189,"column":37},"end":{"line":189,"column":42}},"locations":[{"start":{"line":189,"column":37},"end":{"line":189,"column":42}}]},"39":{"type":"branch","line":192,"loc":{"start":{"line":192,"column":32},"end":{"line":192,"column":67}},"locations":[{"start":{"line":192,"column":32},"end":{"line":192,"column":67}}]},"40":{"type":"branch","line":192,"loc":{"start":{"line":192,"column":69},"end":{"line":192,"column":75}},"locations":[{"start":{"line":192,"column":69},"end":{"line":192,"column":75}}]},"41":{"type":"branch","line":197,"loc":{"start":{"line":197,"column":31},"end":{"line":200,"column":7}},"locations":[{"start":{"line":197,"column":31},"end":{"line":200,"column":7}}]},"42":{"type":"branch","line":202,"loc":{"start":{"line":202,"column":18},"end":{"line":202,"column":43}},"locations":[{"start":{"line":202,"column":18},"end":{"line":202,"column":43}}]},"43":{"type":"branch","line":203,"loc":{"start":{"line":203,"column":-1},"end":{"line":203,"column":36}},"locations":[{"start":{"line":203,"column":-1},"end":{"line":203,"column":36}}]},"44":{"type":"branch","line":217,"loc":{"start":{"line":217,"column":44},"end":{"line":217,"column":48}},"locations":[{"start":{"line":217,"column":44},"end":{"line":217,"column":48}}]},"45":{"type":"branch","line":217,"loc":{"start":{"line":217,"column":48},"end":{"line":217,"column":79}},"locations":[{"start":{"line":217,"column":48},"end":{"line":217,"column":79}}]},"46":{"type":"branch","line":219,"loc":{"start":{"line":219,"column":2},"end":{"line":222,"column":1}},"locations":[{"start":{"line":219,"column":2},"end":{"line":222,"column":1}}]}},"b":{"0":[23],"1":[20],"2":[3],"3":[1],"4":[2],"5":[3],"6":[22],"7":[30],"8":[29],"9":[2],"10":[28],"11":[1],"12":[27],"13":[1],"14":[26],"15":[24],"16":[4],"17":[22],"18":[23],"19":[21],"20":[2],"21":[25],"22":[2],"23":[23],"24":[21],"25":[4],"26":[19],"27":[1],"28":[18],"29":[2],"30":[16],"31":[13],"32":[22],"33":[23],"34":[22],"35":[42],"36":[41],"37":[17],"38":[38],"39":[26],"40":[4],"41":[22],"42":[20],"43":[21],"44":[4],"45":[38],"46":[22]},"fnMap":{"0":{"name":"mergeIntervals","decl":{"start":{"line":61,"column":0},"end":{"line":83,"column":1}},"loc":{"start":{"line":61,"column":0},"end":{"line":83,"column":1}},"line":61},"1":{"name":"overlaps","decl":{"start":{"line":92,"column":0},"end":{"line":94,"column":1}},"loc":{"start":{"line":92,"column":0},"end":{"line":94,"column":1}},"line":92},"2":{"name":"computeAvailabilityBlocks","decl":{"start":{"line":111,"column":7},"end":{"line":222,"column":1}},"loc":{"start":{"line":111,"column":7},"end":{"line":222,"column":1}},"line":111}},"f":{"0":23,"1":22,"2":30}}
,"/Users/dhaddad/Documents/CS422/software-methods-w26/algorithm/sum.js": {"path":"/Users/dhaddad/Documents/CS422/software-methods-w26/algorithm/sum.js","all":false,"statementMap":{"0":{"start":{"line":1,"column":0},"end":{"line":1,"column":19}},"1":{"start":{"line":2,"column":0},"end":{"line":2,"column":15}},"2":{"start":{"line":3,"column":0},"end":{"line":3,"column":1}},"3":{"start":{"line":4,"column":0},"end":{"line":4,"column":21}}},"s":{"0":1,"1":1,"2":1,"3":1},"branchMap":{"0":{"type":"branch","line":1,"loc":{"start":{"line":1,"column":0},"end":{"line":3,"column":1}},"locations":[{"start":{"line":1,"column":0},"end":{"line":3,"column":1}}]}},"b":{"0":[1]},"fnMap":{"0":{"name":"sum","decl":{"start":{"line":1,"column":0},"end":{"line":3,"column":1}},"loc":{"start":{"line":1,"column":0},"end":{"line":3,"column":1}},"line":1}},"f":{"0":1}}
}
