TN:
SF:availability.js
FN:61,mergeIntervals
FN:92,overlaps
FN:111,computeAvailabilityBlocks
FNF:3
FNH:3
FNDA:16,mergeIntervals
FNDA:21,overlaps
FNDA:20,computeAvailabilityBlocks
DA:1,1
DA:2,1
DA:3,1
DA:4,1
DA:5,1
DA:6,1
DA:7,1
DA:8,1
DA:9,1
DA:10,1
DA:11,1
DA:12,1
DA:13,1
DA:14,1
DA:15,1
DA:16,1
DA:17,1
DA:18,1
DA:19,1
DA:20,1
DA:21,1
DA:22,1
DA:23,1
DA:24,1
DA:25,1
DA:26,1
DA:27,1
DA:28,1
DA:29,1
DA:30,1
DA:31,1
DA:32,1
DA:33,1
DA:34,1
DA:35,1
DA:36,1
DA:37,1
DA:38,1
DA:39,1
DA:40,1
DA:41,1
DA:42,1
DA:43,1
DA:44,1
DA:45,1
DA:46,1
DA:47,1
DA:48,1
DA:49,1
DA:50,1
DA:51,1
DA:52,1
DA:53,1
DA:54,1
DA:55,1
DA:56,1
DA:57,1
DA:58,1
DA:59,1
DA:60,1
DA:61,16
DA:62,16
DA:63,3
DA:64,3
DA:65,3
DA:66,3
DA:67,3
DA:68,3
DA:69,3
DA:70,3
DA:71,3
DA:72,3
DA:73,3
DA:74,3
DA:75,1
DA:76,3
DA:77,2
DA:78,2
DA:79,2
DA:80,3
DA:81,3
DA:82,3
DA:83,3
DA:84,1
DA:85,1
DA:86,1
DA:87,1
DA:88,1
DA:89,1
DA:90,1
DA:91,1
DA:92,21
DA:93,21
DA:94,21
DA:95,1
DA:96,1
DA:97,1
DA:98,1
DA:99,1
DA:100,1
DA:101,1
DA:102,1
DA:103,1
DA:104,1
DA:105,1
DA:106,1
DA:107,1
DA:108,1
DA:109,1
DA:110,1
DA:111,1
DA:112,20
DA:113,20
DA:114,20
DA:115,20
DA:116,20
DA:117,20
DA:118,20
DA:119,1
DA:120,1
DA:121,20
DA:122,1
DA:123,1
DA:124,20
DA:125,1
DA:126,1
DA:127,17
DA:128,17
DA:129,20
DA:130,2
DA:131,2
DA:132,15
DA:133,15
DA:134,15
DA:135,15
DA:136,15
DA:137,20
DA:138,16
DA:139,16
DA:140,16
DA:141,16
DA:142,16
DA:143,16
DA:144,16
DA:145,20
DA:146,18
DA:147,18
DA:148,20
DA:149,20
DA:150,15
DA:151,15
DA:152,15
DA:153,15
DA:154,20
DA:155,15
DA:156,15
DA:157,15
DA:158,15
DA:159,15
DA:160,16
DA:161,16
DA:162,16
DA:163,15
DA:164,15
DA:165,15
DA:166,15
DA:167,20
DA:168,15
DA:169,15
DA:170,15
DA:171,15
DA:172,15
DA:173,15
DA:174,15
DA:175,20
DA:176,31
DA:177,31
DA:178,31
DA:179,31
DA:180,31
DA:181,31
DA:182,31
DA:183,31
DA:184,30
DA:185,30
DA:186,30
DA:187,30
DA:188,30
DA:189,30
DA:190,30
DA:191,30
DA:192,30
DA:193,30
DA:194,30
DA:195,21
DA:196,21
DA:197,21
DA:198,30
DA:199,30
DA:200,11
DA:201,30
DA:202,31
DA:203,31
DA:204,31
DA:205,31
DA:206,31
DA:207,31
DA:208,31
DA:209,31
DA:210,31
DA:211,31
DA:212,31
DA:213,31
DA:214,31
DA:215,31
DA:216,31
DA:217,15
DA:218,15
DA:219,15
LF:219
LH:219
BRDA:61,0,0,16
BRDA:62,1,0,13
BRDA:62,2,0,3
BRDA:74,3,0,1
BRDA:76,4,0,2
BRDA:65,5,0,3
BRDA:92,6,0,21
BRDA:111,7,0,20
BRDA:118,8,0,19
BRDA:118,9,0,1
BRDA:120,10,0,19
BRDA:121,11,0,1
BRDA:123,12,0,18
BRDA:124,13,0,1
BRDA:126,14,0,17
BRDA:129,15,0,2
BRDA:131,16,0,15
BRDA:137,17,0,16
BRDA:139,18,0,0
BRDA:144,19,0,20
BRDA:145,20,0,2
BRDA:145,21,0,18
BRDA:148,22,0,17
BRDA:148,23,0,2
BRDA:148,24,0,16
BRDA:149,25,0,1
BRDA:149,26,0,15
BRDA:154,27,0,0
BRDA:154,28,0,15
BRDA:162,29,0,15
BRDA:167,30,0,16
BRDA:167,31,0,15
BRDA:175,32,0,31
BRDA:183,33,0,30
BRDA:185,34,0,0
BRDA:186,35,0,27
BRDA:189,36,0,25
BRDA:189,37,0,4
BRDA:194,38,0,21
BRDA:199,39,0,19
BRDA:200,40,0,11
BRDA:214,41,0,4
BRDA:214,42,0,27
BRDA:216,43,0,15
BRF:44
BRH:41
end_of_record
TN:
SF:sum.js
FN:1,sum
FNF:1
FNH:1
FNDA:1,sum
DA:1,1
DA:2,1
DA:3,1
DA:4,1
LF:4
LH:4
BRDA:1,0,0,1
BRF:1
BRH:1
end_of_record
